0 info it worked if it ends with ok
1 verbose cli [ '/usr/local/bin/node', '/usr/local/bin/npm', 'init' ]
2 info using npm@1.3.11
3 info using node@v0.10.20
4 silly package data undefined
5 info init written successfully
6 error Error: Invalid name: "Droid 4"
6 error     at ensureValidName (/usr/local/lib/node_modules/npm/node_modules/read-package-json/node_modules/normalize-package-data/lib/fixer.js:284:15)
6 error     at Object.module.exports.fixNameField (/usr/local/lib/node_modules/npm/node_modules/read-package-json/node_modules/normalize-package-data/lib/fixer.js:199:5)
6 error     at /usr/local/lib/node_modules/npm/node_modules/read-package-json/node_modules/normalize-package-data/lib/normalize.js:29:38
6 error     at Array.forEach (native)
6 error     at normalize (/usr/local/lib/node_modules/npm/node_modules/read-package-json/node_modules/normalize-package-data/lib/normalize.js:28:15)
6 error     at final (/usr/local/lib/node_modules/npm/node_modules/read-package-json/read-json.js:310:33)
6 error     at then (/usr/local/lib/node_modules/npm/node_modules/read-package-json/read-json.js:124:33)
6 error     at gypfile_ (/usr/local/lib/node_modules/npm/node_modules/read-package-json/read-json.js:140:43)
6 error     at /usr/local/lib/node_modules/npm/node_modules/read-package-json/read-json.js:135:33
6 error     at Glob.<anonymous> (/usr/local/lib/node_modules/npm/node_modules/glob/glob.js:90:7)
7 error If you need help, you may report this log at:
7 error     <http://github.com/isaacs/npm/issues>
7 error or email it to:
7 error     <npm-@googlegroups.com>
8 error System Linux 3.8.0-32-generic
9 error command "/usr/local/bin/node" "/usr/local/bin/npm" "init"
10 error cwd /home/max/netbook/droid
11 error node -v v0.10.20
12 error npm -v 1.3.11
13 verbose exit [ 1, true ]
